have_header: checking for sqlite3.h... -------------------- yes

"gcc -o conftest -I/home/changs/.rvm/rubies/ruby-1.9.2-p290/include/ruby-1.9.1/x86_64-linux -I/home/changs/.rvm/rubies/ruby-1.9.2-p290/include/ruby-1.9.1/ruby/backward -I/home/changs/.rvm/rubies/ruby-1.9.2-p290/include/ruby-1.9.1 -I. -I/usr/local/include -I/opt/local/include -I/usr/include     -O3 -ggdb -Wextra -Wno-unused-parameter -Wno-parentheses -Wpointer-arith -Wwrite-strings -Wno-missing-field-initializers -Wno-long-long  -fPIC -Wall  conftest.c  -L. -L/home/changs/.rvm/rubies/ruby-1.9.2-p290/lib -Wl,-R/home/changs/.rvm/rubies/ruby-1.9.2-p290/lib -L/usr/local/lib -Wl,-R/usr/local/lib -L/opt/local/lib -Wl,-R/opt/local/lib -L/usr/lib -Wl,-R/usr/lib -L.  -rdynamic -Wl,-export-dynamic     -Wl,-R -Wl,/home/changs/.rvm/rubies/ruby-1.9.2-p290/lib -L/home/changs/.rvm/rubies/ruby-1.9.2-p290/lib -lruby-static  -lpthread -lrt -ldl -lcrypt -lm   -lc"
checked program was:
/* begin */
1: #include "ruby.h"
2: 
3: int main() {return 0;}
/* end */

"gcc -E -I/home/changs/.rvm/rubies/ruby-1.9.2-p290/include/ruby-1.9.1/x86_64-linux -I/home/changs/.rvm/rubies/ruby-1.9.2-p290/include/ruby-1.9.1/ruby/backward -I/home/changs/.rvm/rubies/ruby-1.9.2-p290/include/ruby-1.9.1 -I. -I/usr/local/include -I/opt/local/include -I/usr/include     -O3 -ggdb -Wextra -Wno-unused-parameter -Wno-parentheses -Wpointer-arith -Wwrite-strings -Wno-missing-field-initializers -Wno-long-long  -fPIC -Wall   conftest.c -o conftest.i"
checked program was:
/* begin */
1: #include "ruby.h"
2: 
3: #include <sqlite3.h>
/* end */

--------------------

have_library: checking for sqlite3_open() in -lsqlite3... -------------------- yes

"gcc -o conftest -I/home/changs/.rvm/rubies/ruby-1.9.2-p290/include/ruby-1.9.1/x86_64-linux -I/home/changs/.rvm/rubies/ruby-1.9.2-p290/include/ruby-1.9.1/ruby/backward -I/home/changs/.rvm/rubies/ruby-1.9.2-p290/include/ruby-1.9.1 -I. -I/usr/local/include -I/opt/local/include -I/usr/include     -O3 -ggdb -Wextra -Wno-unused-parameter -Wno-parentheses -Wpointer-arith -Wwrite-strings -Wno-missing-field-initializers -Wno-long-long  -fPIC -Wall  conftest.c  -L. -L/home/changs/.rvm/rubies/ruby-1.9.2-p290/lib -Wl,-R/home/changs/.rvm/rubies/ruby-1.9.2-p290/lib -L/usr/local/lib -Wl,-R/usr/local/lib -L/opt/local/lib -Wl,-R/opt/local/lib -L/usr/lib -Wl,-R/usr/lib -L.  -rdynamic -Wl,-export-dynamic     -Wl,-R -Wl,/home/changs/.rvm/rubies/ruby-1.9.2-p290/lib -L/home/changs/.rvm/rubies/ruby-1.9.2-p290/lib -lruby-static -lsqlite3  -lpthread -lrt -ldl -lcrypt -lm   -lc"
conftest.c: In function ‘t’:
conftest.c:5:53: error: ‘sqlite3_open’ undeclared (first use in this function)
conftest.c:5:53: note: each undeclared identifier is reported only once for each function it appears in
conftest.c:5:28: warning: variable ‘p’ set but not used [-Wunused-but-set-variable]
checked program was:
/* begin */
1: #include "ruby.h"
2: 
3: /*top*/
4: int main() {return 0;}
5: int t() { void ((*volatile p)()); p = (void ((*)()))sqlite3_open; return 0; }
/* end */

"gcc -o conftest -I/home/changs/.rvm/rubies/ruby-1.9.2-p290/include/ruby-1.9.1/x86_64-linux -I/home/changs/.rvm/rubies/ruby-1.9.2-p290/include/ruby-1.9.1/ruby/backward -I/home/changs/.rvm/rubies/ruby-1.9.2-p290/include/ruby-1.9.1 -I. -I/usr/local/include -I/opt/local/include -I/usr/include     -O3 -ggdb -Wextra -Wno-unused-parameter -Wno-parentheses -Wpointer-arith -Wwrite-strings -Wno-missing-field-initializers -Wno-long-long  -fPIC -Wall  conftest.c  -L. -L/home/changs/.rvm/rubies/ruby-1.9.2-p290/lib -Wl,-R/home/changs/.rvm/rubies/ruby-1.9.2-p290/lib -L/usr/local/lib -Wl,-R/usr/local/lib -L/opt/local/lib -Wl,-R/opt/local/lib -L/usr/lib -Wl,-R/usr/lib -L.  -rdynamic -Wl,-export-dynamic     -Wl,-R -Wl,/home/changs/.rvm/rubies/ruby-1.9.2-p290/lib -L/home/changs/.rvm/rubies/ruby-1.9.2-p290/lib -lruby-static -lsqlite3  -lpthread -lrt -ldl -lcrypt -lm   -lc"
conftest.c: In function ‘t’:
conftest.c:5:1: warning: implicit declaration of function ‘sqlite3_open’ [-Wimplicit-function-declaration]
checked program was:
/* begin */
1: #include "ruby.h"
2: 
3: /*top*/
4: int main() {return 0;}
5: int t() { sqlite3_open(); return 0; }
/* end */

--------------------

have_func: checking for localtime_r()... -------------------- yes

"gcc -o conftest -I/home/changs/.rvm/rubies/ruby-1.9.2-p290/include/ruby-1.9.1/x86_64-linux -I/home/changs/.rvm/rubies/ruby-1.9.2-p290/include/ruby-1.9.1/ruby/backward -I/home/changs/.rvm/rubies/ruby-1.9.2-p290/include/ruby-1.9.1 -I. -I/usr/local/include -I/opt/local/include -I/usr/include     -O3 -ggdb -Wextra -Wno-unused-parameter -Wno-parentheses -Wpointer-arith -Wwrite-strings -Wno-missing-field-initializers -Wno-long-long  -fPIC -Wall  conftest.c  -L. -L/home/changs/.rvm/rubies/ruby-1.9.2-p290/lib -Wl,-R/home/changs/.rvm/rubies/ruby-1.9.2-p290/lib -L/usr/local/lib -Wl,-R/usr/local/lib -L/opt/local/lib -Wl,-R/opt/local/lib -L/usr/lib -Wl,-R/usr/lib -L.  -rdynamic -Wl,-export-dynamic    -lsqlite3  -Wl,-R -Wl,/home/changs/.rvm/rubies/ruby-1.9.2-p290/lib -L/home/changs/.rvm/rubies/ruby-1.9.2-p290/lib -lruby-static -lsqlite3  -lpthread -lrt -ldl -lcrypt -lm   -lc"
conftest.c: In function ‘t’:
conftest.c:5:53: error: ‘localtime_r’ undeclared (first use in this function)
conftest.c:5:53: note: each undeclared identifier is reported only once for each function it appears in
conftest.c:5:28: warning: variable ‘p’ set but not used [-Wunused-but-set-variable]
checked program was:
/* begin */
1: #include "ruby.h"
2: 
3: /*top*/
4: int main() {return 0;}
5: int t() { void ((*volatile p)()); p = (void ((*)()))localtime_r; return 0; }
/* end */

"gcc -o conftest -I/home/changs/.rvm/rubies/ruby-1.9.2-p290/include/ruby-1.9.1/x86_64-linux -I/home/changs/.rvm/rubies/ruby-1.9.2-p290/include/ruby-1.9.1/ruby/backward -I/home/changs/.rvm/rubies/ruby-1.9.2-p290/include/ruby-1.9.1 -I. -I/usr/local/include -I/opt/local/include -I/usr/include     -O3 -ggdb -Wextra -Wno-unused-parameter -Wno-parentheses -Wpointer-arith -Wwrite-strings -Wno-missing-field-initializers -Wno-long-long  -fPIC -Wall  conftest.c  -L. -L/home/changs/.rvm/rubies/ruby-1.9.2-p290/lib -Wl,-R/home/changs/.rvm/rubies/ruby-1.9.2-p290/lib -L/usr/local/lib -Wl,-R/usr/local/lib -L/opt/local/lib -Wl,-R/opt/local/lib -L/usr/lib -Wl,-R/usr/lib -L.  -rdynamic -Wl,-export-dynamic    -lsqlite3  -Wl,-R -Wl,/home/changs/.rvm/rubies/ruby-1.9.2-p290/lib -L/home/changs/.rvm/rubies/ruby-1.9.2-p290/lib -lruby-static -lsqlite3  -lpthread -lrt -ldl -lcrypt -lm   -lc"
conftest.c: In function ‘t’:
conftest.c:5:1: warning: implicit declaration of function ‘localtime_r’ [-Wimplicit-function-declaration]
checked program was:
/* begin */
1: #include "ruby.h"
2: 
3: /*top*/
4: int main() {return 0;}
5: int t() { localtime_r(); return 0; }
/* end */

--------------------

have_func: checking for gmtime_r()... -------------------- yes

"gcc -o conftest -I/home/changs/.rvm/rubies/ruby-1.9.2-p290/include/ruby-1.9.1/x86_64-linux -I/home/changs/.rvm/rubies/ruby-1.9.2-p290/include/ruby-1.9.1/ruby/backward -I/home/changs/.rvm/rubies/ruby-1.9.2-p290/include/ruby-1.9.1 -I. -I/usr/local/include -I/opt/local/include -I/usr/include     -O3 -ggdb -Wextra -Wno-unused-parameter -Wno-parentheses -Wpointer-arith -Wwrite-strings -Wno-missing-field-initializers -Wno-long-long  -fPIC -Wall  conftest.c  -L. -L/home/changs/.rvm/rubies/ruby-1.9.2-p290/lib -Wl,-R/home/changs/.rvm/rubies/ruby-1.9.2-p290/lib -L/usr/local/lib -Wl,-R/usr/local/lib -L/opt/local/lib -Wl,-R/opt/local/lib -L/usr/lib -Wl,-R/usr/lib -L.  -rdynamic -Wl,-export-dynamic    -lsqlite3  -Wl,-R -Wl,/home/changs/.rvm/rubies/ruby-1.9.2-p290/lib -L/home/changs/.rvm/rubies/ruby-1.9.2-p290/lib -lruby-static -lsqlite3  -lpthread -lrt -ldl -lcrypt -lm   -lc"
conftest.c: In function ‘t’:
conftest.c:5:53: error: ‘gmtime_r’ undeclared (first use in this function)
conftest.c:5:53: note: each undeclared identifier is reported only once for each function it appears in
conftest.c:5:28: warning: variable ‘p’ set but not used [-Wunused-but-set-variable]
checked program was:
/* begin */
1: #include "ruby.h"
2: 
3: /*top*/
4: int main() {return 0;}
5: int t() { void ((*volatile p)()); p = (void ((*)()))gmtime_r; return 0; }
/* end */

"gcc -o conftest -I/home/changs/.rvm/rubies/ruby-1.9.2-p290/include/ruby-1.9.1/x86_64-linux -I/home/changs/.rvm/rubies/ruby-1.9.2-p290/include/ruby-1.9.1/ruby/backward -I/home/changs/.rvm/rubies/ruby-1.9.2-p290/include/ruby-1.9.1 -I. -I/usr/local/include -I/opt/local/include -I/usr/include     -O3 -ggdb -Wextra -Wno-unused-parameter -Wno-parentheses -Wpointer-arith -Wwrite-strings -Wno-missing-field-initializers -Wno-long-long  -fPIC -Wall  conftest.c  -L. -L/home/changs/.rvm/rubies/ruby-1.9.2-p290/lib -Wl,-R/home/changs/.rvm/rubies/ruby-1.9.2-p290/lib -L/usr/local/lib -Wl,-R/usr/local/lib -L/opt/local/lib -Wl,-R/opt/local/lib -L/usr/lib -Wl,-R/usr/lib -L.  -rdynamic -Wl,-export-dynamic    -lsqlite3  -Wl,-R -Wl,/home/changs/.rvm/rubies/ruby-1.9.2-p290/lib -L/home/changs/.rvm/rubies/ruby-1.9.2-p290/lib -lruby-static -lsqlite3  -lpthread -lrt -ldl -lcrypt -lm   -lc"
conftest.c: In function ‘t’:
conftest.c:5:1: warning: implicit declaration of function ‘gmtime_r’ [-Wimplicit-function-declaration]
checked program was:
/* begin */
1: #include "ruby.h"
2: 
3: /*top*/
4: int main() {return 0;}
5: int t() { gmtime_r(); return 0; }
/* end */

--------------------

have_func: checking for sqlite3_prepare_v2()... -------------------- yes

"gcc -o conftest -I/home/changs/.rvm/rubies/ruby-1.9.2-p290/include/ruby-1.9.1/x86_64-linux -I/home/changs/.rvm/rubies/ruby-1.9.2-p290/include/ruby-1.9.1/ruby/backward -I/home/changs/.rvm/rubies/ruby-1.9.2-p290/include/ruby-1.9.1 -I. -I/usr/local/include -I/opt/local/include -I/usr/include     -O3 -ggdb -Wextra -Wno-unused-parameter -Wno-parentheses -Wpointer-arith -Wwrite-strings -Wno-missing-field-initializers -Wno-long-long  -fPIC -Wall  conftest.c  -L. -L/home/changs/.rvm/rubies/ruby-1.9.2-p290/lib -Wl,-R/home/changs/.rvm/rubies/ruby-1.9.2-p290/lib -L/usr/local/lib -Wl,-R/usr/local/lib -L/opt/local/lib -Wl,-R/opt/local/lib -L/usr/lib -Wl,-R/usr/lib -L.  -rdynamic -Wl,-export-dynamic    -lsqlite3  -Wl,-R -Wl,/home/changs/.rvm/rubies/ruby-1.9.2-p290/lib -L/home/changs/.rvm/rubies/ruby-1.9.2-p290/lib -lruby-static -lsqlite3  -lpthread -lrt -ldl -lcrypt -lm   -lc"
conftest.c: In function ‘t’:
conftest.c:5:53: error: ‘sqlite3_prepare_v2’ undeclared (first use in this function)
conftest.c:5:53: note: each undeclared identifier is reported only once for each function it appears in
conftest.c:5:28: warning: variable ‘p’ set but not used [-Wunused-but-set-variable]
checked program was:
/* begin */
1: #include "ruby.h"
2: 
3: /*top*/
4: int main() {return 0;}
5: int t() { void ((*volatile p)()); p = (void ((*)()))sqlite3_prepare_v2; return 0; }
/* end */

"gcc -o conftest -I/home/changs/.rvm/rubies/ruby-1.9.2-p290/include/ruby-1.9.1/x86_64-linux -I/home/changs/.rvm/rubies/ruby-1.9.2-p290/include/ruby-1.9.1/ruby/backward -I/home/changs/.rvm/rubies/ruby-1.9.2-p290/include/ruby-1.9.1 -I. -I/usr/local/include -I/opt/local/include -I/usr/include     -O3 -ggdb -Wextra -Wno-unused-parameter -Wno-parentheses -Wpointer-arith -Wwrite-strings -Wno-missing-field-initializers -Wno-long-long  -fPIC -Wall  conftest.c  -L. -L/home/changs/.rvm/rubies/ruby-1.9.2-p290/lib -Wl,-R/home/changs/.rvm/rubies/ruby-1.9.2-p290/lib -L/usr/local/lib -Wl,-R/usr/local/lib -L/opt/local/lib -Wl,-R/opt/local/lib -L/usr/lib -Wl,-R/usr/lib -L.  -rdynamic -Wl,-export-dynamic    -lsqlite3  -Wl,-R -Wl,/home/changs/.rvm/rubies/ruby-1.9.2-p290/lib -L/home/changs/.rvm/rubies/ruby-1.9.2-p290/lib -lruby-static -lsqlite3  -lpthread -lrt -ldl -lcrypt -lm   -lc"
conftest.c: In function ‘t’:
conftest.c:5:1: warning: implicit declaration of function ‘sqlite3_prepare_v2’ [-Wimplicit-function-declaration]
checked program was:
/* begin */
1: #include "ruby.h"
2: 
3: /*top*/
4: int main() {return 0;}
5: int t() { sqlite3_prepare_v2(); return 0; }
/* end */

--------------------

have_func: checking for sqlite3_open_v2()... -------------------- yes

"gcc -o conftest -I/home/changs/.rvm/rubies/ruby-1.9.2-p290/include/ruby-1.9.1/x86_64-linux -I/home/changs/.rvm/rubies/ruby-1.9.2-p290/include/ruby-1.9.1/ruby/backward -I/home/changs/.rvm/rubies/ruby-1.9.2-p290/include/ruby-1.9.1 -I. -I/usr/local/include -I/opt/local/include -I/usr/include     -O3 -ggdb -Wextra -Wno-unused-parameter -Wno-parentheses -Wpointer-arith -Wwrite-strings -Wno-missing-field-initializers -Wno-long-long  -fPIC -Wall  conftest.c  -L. -L/home/changs/.rvm/rubies/ruby-1.9.2-p290/lib -Wl,-R/home/changs/.rvm/rubies/ruby-1.9.2-p290/lib -L/usr/local/lib -Wl,-R/usr/local/lib -L/opt/local/lib -Wl,-R/opt/local/lib -L/usr/lib -Wl,-R/usr/lib -L.  -rdynamic -Wl,-export-dynamic    -lsqlite3  -Wl,-R -Wl,/home/changs/.rvm/rubies/ruby-1.9.2-p290/lib -L/home/changs/.rvm/rubies/ruby-1.9.2-p290/lib -lruby-static -lsqlite3  -lpthread -lrt -ldl -lcrypt -lm   -lc"
conftest.c: In function ‘t’:
conftest.c:5:53: error: ‘sqlite3_open_v2’ undeclared (first use in this function)
conftest.c:5:53: note: each undeclared identifier is reported only once for each function it appears in
conftest.c:5:28: warning: variable ‘p’ set but not used [-Wunused-but-set-variable]
checked program was:
/* begin */
1: #include "ruby.h"
2: 
3: /*top*/
4: int main() {return 0;}
5: int t() { void ((*volatile p)()); p = (void ((*)()))sqlite3_open_v2; return 0; }
/* end */

"gcc -o conftest -I/home/changs/.rvm/rubies/ruby-1.9.2-p290/include/ruby-1.9.1/x86_64-linux -I/home/changs/.rvm/rubies/ruby-1.9.2-p290/include/ruby-1.9.1/ruby/backward -I/home/changs/.rvm/rubies/ruby-1.9.2-p290/include/ruby-1.9.1 -I. -I/usr/local/include -I/opt/local/include -I/usr/include     -O3 -ggdb -Wextra -Wno-unused-parameter -Wno-parentheses -Wpointer-arith -Wwrite-strings -Wno-missing-field-initializers -Wno-long-long  -fPIC -Wall  conftest.c  -L. -L/home/changs/.rvm/rubies/ruby-1.9.2-p290/lib -Wl,-R/home/changs/.rvm/rubies/ruby-1.9.2-p290/lib -L/usr/local/lib -Wl,-R/usr/local/lib -L/opt/local/lib -Wl,-R/opt/local/lib -L/usr/lib -Wl,-R/usr/lib -L.  -rdynamic -Wl,-export-dynamic    -lsqlite3  -Wl,-R -Wl,/home/changs/.rvm/rubies/ruby-1.9.2-p290/lib -L/home/changs/.rvm/rubies/ruby-1.9.2-p290/lib -lruby-static -lsqlite3  -lpthread -lrt -ldl -lcrypt -lm   -lc"
conftest.c: In function ‘t’:
conftest.c:5:1: warning: implicit declaration of function ‘sqlite3_open_v2’ [-Wimplicit-function-declaration]
checked program was:
/* begin */
1: #include "ruby.h"
2: 
3: /*top*/
4: int main() {return 0;}
5: int t() { sqlite3_open_v2(); return 0; }
/* end */

--------------------

